<?xml version="1.0" encoding="UTF-8"?>
<!-- Generated by org.testng.reporters.JUnitReportReporter -->
<testsuite hostname="Ashishs-MacBook-Air.local" failures="0" tests="1" name="com.demoaut.newtours.testscript.ValidateUserTest" time="4.447" errors="0" timestamp="14 Jan. 2019 03:38:53 GMT" skipped="0">
  <testcase classname="com.demoaut.newtours.testscript.ValidateUserTest" name="userValidation" time="4.447"/>
</testsuite> <!-- com.demoaut.newtours.testscript.ValidateUserTest -->
