<?xml version="1.0" encoding="UTF-8"?>
<!-- Generated by org.testng.reporters.JUnitReportReporter -->
<testsuite hostname="Ashishs-MacBook-Air.local" failures="0" tests="1" name="com.demoaut.newtours.testscript1.bookTicket" time="8.738" errors="0" timestamp="14 Jan. 2019 00:41:14 GMT" skipped="0">
  <testcase classname="com.demoaut.newtours.testscript1.bookTicket" name="bookTicketLatest" time="8.738"/>
</testsuite> <!-- com.demoaut.newtours.testscript1.bookTicket -->
